Build started 2017/10/31 21:48:26.
     1>Project "F:\VS\Visual Studio 2013\Projects\homework02\Q77\Q77.vcxproj" on node 2 (Build target(s)).
     1>ClCompile:
         F:\VS\VC\bin\CL.exe /c /ZI /W3 /WX- /sdl /Od /Oy- /D _MBCS /Gm /EHsc /RTC1 /MDd /GS /fp:precise /Zc:wchar_t /Zc:forScope /Fo"Debug\\" /Fd"Debug\vc120.pdb" /Gd /TP /analyze- /errorReport:prompt Source.cpp
         Microsoft (R) C/C++ Optimizing Compiler Version 18.00.40629 for x86
         Copyright (C) Microsoft Corporation.  All rights reserved.
         
         cl /c /ZI /W3 /WX- /sdl /Od /Oy- /D _MBCS /Gm /EHsc /RTC1 /MDd /GS /fp:precise /Zc:wchar_t /Zc:forScope /Fo"Debug\\" /Fd"Debug\vc120.pdb" /Gd /TP /analyze- /errorReport:prompt Source.cpp
         
         Source.cpp
     1>f:\vs\visual studio 2013\projects\homework02\q77\source.cpp(20): warning C4018: '<' : signed/unsigned mismatch
     1>f:\vs\visual studio 2013\projects\homework02\q77\source.cpp(41): warning C4018: '<' : signed/unsigned mismatch
     1>f:\vs\visual studio 2013\projects\homework02\q77\source.cpp(43): warning C4018: '<' : signed/unsigned mismatch
     1>f:\vs\visual studio 2013\projects\homework02\q77\source.cpp(45): warning C4018: '<' : signed/unsigned mismatch
     1>f:\vs\visual studio 2013\projects\homework02\q77\source.cpp(58): warning C4018: '<' : signed/unsigned mismatch
     1>f:\vs\visual studio 2013\projects\homework02\q77\source.cpp(60): warning C4018: '<' : signed/unsigned mismatch
     1>f:\vs\visual studio 2013\projects\homework02\q77\source.cpp(68): warning C4018: '<' : signed/unsigned mismatch
     1>f:\vs\visual studio 2013\projects\homework02\q77\source.cpp(72): warning C4018: '<' : signed/unsigned mismatch
     1>f:\vs\visual studio 2013\projects\homework02\q77\source.cpp(77): warning C4018: '<' : signed/unsigned mismatch
     1>f:\vs\visual studio 2013\projects\homework02\q77\source.cpp(81): warning C4018: '<' : signed/unsigned mismatch
       Link:
         F:\VS\VC\bin\link.exe /ERRORREPORT:PROMPT /OUT:"F:\VS\Visual Studio 2013\Projects\homework02\Debug\Q77.exe" /INCREMENTAL kernel32.lib user32.lib gdi32.lib winspool.lib comdlg32.lib advapi32.lib shell32.lib ole32.lib oleaut32.lib uuid.lib odbc32.lib odbccp32.lib /MANIFEST /MANIFESTUAC:"level='asInvoker' uiAccess='false'" /manifest:embed /DEBUG /PDB:"F:\VS\Visual Studio 2013\Projects\homework02\Debug\Q77.pdb" /TLBID:1 /DYNAMICBASE /NXCOMPAT /IMPLIB:"F:\VS\Visual Studio 2013\Projects\homework02\Debug\Q77.lib" /MACHINE:X86 Debug\Source.obj
         Microsoft (R) Incremental Linker Version 12.00.40629.0
         Copyright (C) Microsoft Corporation.  All rights reserved.
         
         "/OUT:F:\VS\Visual Studio 2013\Projects\homework02\Debug\Q77.exe" /INCREMENTAL kernel32.lib user32.lib gdi32.lib winspool.lib comdlg32.lib advapi32.lib shell32.lib ole32.lib oleaut32.lib uuid.lib odbc32.lib odbccp32.lib /MANIFEST "/MANIFESTUAC:level='asInvoker' uiAccess='false'" /manifest:embed /DEBUG "/PDB:F:\VS\Visual Studio 2013\Projects\homework02\Debug\Q77.pdb" /TLBID:1 /DYNAMICBASE /NXCOMPAT "/IMPLIB:F:\VS\Visual Studio 2013\Projects\homework02\Debug\Q77.lib" /MACHINE:X86 Debug\Source.obj 
         Q77.vcxproj -> F:\VS\Visual Studio 2013\Projects\homework02\Debug\Q77.exe
     1>Done Building Project "F:\VS\Visual Studio 2013\Projects\homework02\Q77\Q77.vcxproj" (Build target(s)).

Build succeeded.

Time Elapsed 00:00:03.09
